Arguments: 
  /Users/bulat/.nvm/versions/node/v10.16.0/bin/node /usr/local/bin/yarn storybook

PATH: 
  /opt/local/bin:/opt/local/sbin:/Users/bulat/.nvm/versions/node/v10.16.0/bin:/usr/local/opt/node@10/bin:/usr/local/opt/node@10/bin:/usr/local/bin:/usr/bin:/bin:/usr/sbin:/sbin:/Applications/Racket v7.2/bin:/opt/X11/bin:/Applications/Postgres.app/Contents/Versions/latest/bin:/opt/local/bin:/opt/local/sbin:/Users/bulat/.nvm/versions/node/v10.16.0/bin:/usr/local/opt/node@10/bin:/Users/bulat/Library/Android/sdk/emulator:/Users/bulat/Library/Android/sdk/tools:/Users/bulat/Library/Android/sdk/tools/bin:/Users/bulat/Library/Android/sdk/platform-tools:/Users/bulat/Library/Android/sdk/emulator:/Users/bulat/Library/Android/sdk/tools:/Users/bulat/Library/Android/sdk/tools/bin:/Users/bulat/Library/Android/sdk/platform-tools

Yarn version: 
  1.13.0

Node version: 
  10.16.0

Platform: 
  darwin x64

Trace: 
  SyntaxError: /Users/bulat/sfxdx/internal-portal/packages/ui-kit/package.json: Unexpected token } in JSON at position 369
      at JSON.parse (<anonymous>)
      at /usr/local/lib/node_modules/yarn/lib/cli.js:1625:59
      at Generator.next (<anonymous>)
      at step (/usr/local/lib/node_modules/yarn/lib/cli.js:304:30)
      at /usr/local/lib/node_modules/yarn/lib/cli.js:315:13

npm manifest: 
  {
    "name": "@sfxdx/ui-kit",
    "version": "0.1.0",
    "description": "UI components of sfxdx internal project",
    "main": "src/index.js",
    "scripts": {
      "test": "echo \"Error: no test specified\" && exit 1",
      "build": "NODE_ENV=production webpack",
      "lint": "eslint src/ --ext .js,.jsx",
      "flow": "flow",
      "new": "plop --plopfile generators/index.js",
    },
    "dependencies": {
      "classnames": "^2.2.6",
      "date-fns": "^2.6.0",
      "lodash.noop": "^3.0.1",
      "react": "^16.10.2",
      "react-day-picker": "^7.4.0",
      "react-dom": "^16.9.0",
      "react-router-dom": "^5.0.1",
      "react-router-dynamic-breadcrumbs": "^2.2.0",
      "react-select": "^2.3.0",
      "react-text-mask": "^5.4.3",
      "react-table": "^7.0.0-beta.12",
      "storybook": "start-storybook -p 9009 -s public",
      "build-storybook": "build-storybook -s public"
    },
    "devDependencies": {
      "@babel/core": "^7.6.4",
      "@babel/preset-env": "^7.6.3",
      "@babel/preset-flow": "^7.0.0",
      "@storybook/addon-actions": "^5.2.1",
      "@storybook/addon-knobs": "^5.2.1",
      "@storybook/addon-links": "^5.2.1",
      "@storybook/addons": "^5.2.1",
      "@storybook/react": "^5.2.1",
      "autoprefixer": "^9.7.1",
      "babel-eslint": "10.0.2",
      "babel-loader": "^8.0.6",
      "enzyme": "^3.10.0",
      "enzyme-adapter-react-16": "^1.14.0",
      "eslint": "6.1.0",
      "eslint-config-airbnb": "18.0.1",
      "eslint-plugin-flowtype": "^4.3.0",
      "eslint-plugin-import": "^2.18.2",
      "eslint-plugin-jest": "^22.17.0",
      "eslint-plugin-jsx-a11y": "^6.2.3",
      "eslint-plugin-react": "^7.14.3",
      "eslint-plugin-react-hooks": "^1.7.0",
      "flow-bin": "^0.107.0",
      "mini-css-extract-plugin": "^0.8.0",
      "plop": "^2.4.0",
      "postcss-flexbugs-fixes": "^4.1.0",
      "postcss-loader": "^3.0.0",
      "postcss-normalize": "^8.0.1",
      "postcss-preset-env": "^6.7.0",
      "postcss-scss": "^2.0.0",
      "prettier": "^1.18.2",
      "react-storybook-addon-chapters": "^3.1.6",
      "react-test-renderer": "^16.9.0",
      "sass-loader": "^8.0.0"
    },
    "author": "",
    "license": "ISC"
  }

yarn manifest: 
  No manifest

Lockfile: 
  No lockfile
